<?xml version="1.0" encoding="UTF-8"?>
<testng-results ignored="0" total="1" passed="1" failed="0" skipped="0">
  <reporter-output>
  </reporter-output>
  <suite started-at="2024-06-05T15:26:54 IST" name="Default suite" finished-at="2024-06-05T15:28:07 IST" duration-ms="73880">
    <groups>
    </groups>
    <test started-at="2024-06-05T15:26:54 IST" name="Default test" finished-at="2024-06-05T15:28:07 IST" duration-ms="73880">
      <class name="BHilevelbases.B19_TestXLSX">
        <test-method is-config="true" signature="beforeTest()[pri:0, instance:BHilevelbases.B19_TestXLSX@6356695f]" started-at="2024-06-05T15:26:54 IST" name="beforeTest" finished-at="2024-06-05T15:27:46 IST" duration-ms="51981" status="PASS">
          <reporter-output>
          </reporter-output>
        </test-method> <!-- beforeTest -->
        <test-method signature="XLSX()[pri:0, instance:BHilevelbases.B19_TestXLSX@6356695f]" started-at="2024-06-05T15:27:46 IST" name="XLSX" finished-at="2024-06-05T15:28:07 IST" duration-ms="21842" status="PASS">
          <reporter-output>
          </reporter-output>
        </test-method> <!-- XLSX -->
        <test-method is-config="true" signature="afterTest()[pri:0, instance:BHilevelbases.B19_TestXLSX@6356695f]" started-at="2024-06-05T15:28:07 IST" name="afterTest" finished-at="2024-06-05T15:28:07 IST" duration-ms="0" status="PASS">
          <reporter-output>
          </reporter-output>
        </test-method> <!-- afterTest -->
      </class> <!-- BHilevelbases.B19_TestXLSX -->
    </test> <!-- Default test -->
  </suite> <!-- Default suite -->
</testng-results>
